,number,value,datetime_start,datetime_complete,duration,params_image_size,params_lr,state
0,0,0.792,2020-11-07 00:57:19.587460,2020-11-07 01:28:46.274279,0 days 00:31:26.686819,"(180, 180)",5.183728125747747e-05,COMPLETE
1,1,0.7746666666666666,2020-11-07 01:28:46.276104,2020-11-07 01:59:12.133543,0 days 00:30:25.857439,"(180, 180)",1.9638603640945156e-05,COMPLETE
2,2,0.7773333333333333,2020-11-07 01:59:12.134334,2020-11-07 02:29:37.426469,0 days 00:30:25.292135,"(180, 180)",2.966984195271893e-05,COMPLETE
3,3,0.7453333333333333,2020-11-07 02:29:37.427632,2020-11-07 03:00:03.507334,0 days 00:30:26.079702,"(180, 180)",1.8186741053376132e-05,COMPLETE
4,4,0.756,2020-11-07 03:00:03.508331,2020-11-07 03:30:28.771038,0 days 00:30:25.262707,"(180, 180)",1.5186977027814027e-05,COMPLETE
5,5,0.7373333333333333,2020-11-07 03:30:28.772205,2020-11-07 04:12:27.542744,0 days 00:41:58.770539,"(224, 224)",8.964459722859616e-05,COMPLETE
6,6,0.38666666666666666,2020-11-07 04:12:27.543741,2020-11-07 04:12:39.775065,0 days 00:00:12.231324,"(180, 180)",1.099545821354794e-05,PRUNED
7,7,0.5026666666666667,2020-11-07 04:12:39.776062,2020-11-07 04:13:13.450166,0 days 00:00:33.674104,"(224, 224)",4.019389139386791e-05,PRUNED
8,8,0.7533333333333333,2020-11-07 04:13:13.451161,2020-11-07 04:55:12.097000,0 days 00:41:58.645839,"(224, 224)",9.287732983477829e-05,COMPLETE
9,9,0.396,2020-11-07 04:55:12.097747,2020-11-07 04:55:24.369205,0 days 00:00:12.271458,"(180, 180)",1.592274863546509e-05,PRUNED
10,10,0.34933333333333333,2020-11-07 04:55:24.370131,2020-11-07 04:55:36.619306,0 days 00:00:12.249175,"(180, 180)",4.9004253528596615e-05,PRUNED
11,11,0.4866666666666667,2020-11-07 04:55:36.620243,2020-11-07 04:55:48.879048,0 days 00:00:12.258805,"(180, 180)",5.712550524494558e-05,PRUNED
12,12,0.484,2020-11-07 04:55:48.880046,2020-11-07 04:56:01.202669,0 days 00:00:12.322623,"(180, 180)",2.8822007358208308e-05,PRUNED
13,13,0.41733333333333333,2020-11-07 04:56:01.203535,2020-11-07 04:56:13.501440,0 days 00:00:12.297905,"(180, 180)",3.091700754969134e-05,PRUNED
14,14,0.48133333333333334,2020-11-07 04:56:13.502410,2020-11-07 04:56:25.826662,0 days 00:00:12.324252,"(180, 180)",7.148480481819807e-05,PRUNED
15,15,0.472,2020-11-07 04:56:25.827659,2020-11-07 04:56:38.093760,0 days 00:00:12.266101,"(180, 180)",2.5319503640814738e-05,PRUNED
16,16,0.48933333333333334,2020-11-07 04:56:38.094757,2020-11-07 04:56:55.021912,0 days 00:00:16.927155,"(224, 224)",4.016375539037836e-05,PRUNED
17,17,0.476,2020-11-07 04:56:55.022790,2020-11-07 04:57:07.240931,0 days 00:00:12.218141,"(180, 180)",6.216836064559078e-05,PRUNED
18,18,0.4826666666666667,2020-11-07 04:57:07.241928,2020-11-07 04:57:19.529188,0 days 00:00:12.287260,"(180, 180)",4.061557758918224e-05,PRUNED
19,19,0.5133333333333333,2020-11-07 04:57:19.529872,2020-11-07 04:57:44.030015,0 days 00:00:24.500143,"(180, 180)",2.4180144928062453e-05,PRUNED
20,20,0.5426666666666666,2020-11-07 04:57:44.031012,2020-11-07 04:58:34.509757,0 days 00:00:50.478745,"(224, 224)",4.7037145916048454e-05,PRUNED
21,21,0.4826666666666667,2020-11-07 04:58:34.510755,2020-11-07 04:58:46.800639,0 days 00:00:12.289884,"(180, 180)",2.116872596309576e-05,PRUNED
22,22,0.4,2020-11-07 04:58:46.801636,2020-11-07 04:58:59.125800,0 days 00:00:12.324164,"(180, 180)",1.0406173485739493e-05,PRUNED
23,23,0.45066666666666666,2020-11-07 04:58:59.125800,2020-11-07 04:59:11.463583,0 days 00:00:12.337783,"(180, 180)",3.296192294736116e-05,PRUNED
24,24,0.48933333333333334,2020-11-07 04:59:11.464690,2020-11-07 04:59:23.711050,0 days 00:00:12.246360,"(180, 180)",1.2688168687075114e-05,PRUNED
25,25,0.44,2020-11-07 04:59:23.711933,2020-11-07 04:59:36.006080,0 days 00:00:12.294147,"(180, 180)",1.9754866793646114e-05,PRUNED
26,26,0.6146666666666667,2020-11-07 04:59:36.006664,2020-11-07 05:01:13.561805,0 days 00:01:37.555141,"(180, 180)",3.308685893542777e-05,PRUNED
27,27,0.6906666666666667,2020-11-07 05:01:13.561805,2020-11-07 05:06:05.376966,0 days 00:04:51.815161,"(180, 180)",2.4316760855781562e-05,PRUNED
28,28,0.5173333333333333,2020-11-07 05:06:05.377963,2020-11-07 05:06:29.872175,0 days 00:00:24.494212,"(180, 180)",7.783898076350242e-05,PRUNED
29,29,0.4613333333333333,2020-11-07 05:06:29.873172,2020-11-07 05:06:42.126420,0 days 00:00:12.253248,"(180, 180)",2.0032576414990473e-05,PRUNED
30,30,0.45866666666666667,2020-11-07 05:06:42.126420,2020-11-07 05:06:54.413677,0 days 00:00:12.287257,"(180, 180)",2.7654740760702012e-05,PRUNED
31,31,0.36533333333333334,2020-11-07 05:06:54.414583,2020-11-07 05:07:06.655517,0 days 00:00:12.240934,"(180, 180)",1.566465759005637e-05,PRUNED
32,32,0.4493333333333333,2020-11-07 05:07:06.656138,2020-11-07 05:07:18.998260,0 days 00:00:12.342122,"(180, 180)",1.5689380836333496e-05,PRUNED
33,33,0.4826666666666667,2020-11-07 05:07:18.999257,2020-11-07 05:07:31.240288,0 days 00:00:12.241031,"(180, 180)",1.295014062776076e-05,PRUNED
34,34,0.3626666666666667,2020-11-07 05:07:31.240842,2020-11-07 05:07:43.541992,0 days 00:00:12.301150,"(180, 180)",1.7152922791794446e-05,PRUNED
35,35,0.4066666666666667,2020-11-07 05:07:43.542989,2020-11-07 05:08:00.474708,0 days 00:00:16.931719,"(224, 224)",1.3139430156267073e-05,PRUNED
36,36,0.45466666666666666,2020-11-07 05:08:00.475614,2020-11-07 05:08:12.733857,0 days 00:00:12.258243,"(180, 180)",3.600095206433583e-05,PRUNED
37,37,0.43066666666666664,2020-11-07 05:08:12.734830,2020-11-07 05:08:25.001642,0 days 00:00:12.266812,"(180, 180)",2.1969110261933026e-05,PRUNED
38,38,0.44266666666666665,2020-11-07 05:08:25.002639,2020-11-07 05:08:42.004651,0 days 00:00:17.002012,"(224, 224)",1.8459348302331642e-05,PRUNED
39,39,0.41333333333333333,2020-11-07 05:08:42.004651,2020-11-07 05:08:54.273152,0 days 00:00:12.268501,"(180, 180)",1.4160238105591642e-05,PRUNED
40,40,0.428,2020-11-07 05:08:54.273152,2020-11-07 05:09:06.565382,0 days 00:00:12.292230,"(180, 180)",1.1667359306644435e-05,PRUNED
41,41,0.42133333333333334,2020-11-07 05:09:06.566376,2020-11-07 05:09:23.509139,0 days 00:00:16.942763,"(224, 224)",8.443146497445562e-05,PRUNED
42,42,0.472,2020-11-07 05:09:23.509139,2020-11-07 05:09:40.433528,0 days 00:00:16.924389,"(224, 224)",6.532948208233131e-05,PRUNED
43,43,0.8013333333333333,2020-11-07 05:09:40.434325,2020-11-07 05:51:39.143356,0 days 00:41:58.709031,"(224, 224)",9.745592299120718e-05,COMPLETE
44,44,0.472,2020-11-07 05:51:39.144353,2020-11-07 05:51:56.129180,0 days 00:00:16.984827,"(224, 224)",5.404761902048365e-05,PRUNED
45,45,0.47733333333333333,2020-11-07 05:51:56.130114,2020-11-07 05:52:13.076675,0 days 00:00:16.946561,"(224, 224)",9.747577455113487e-05,PRUNED
46,46,0.49066666666666664,2020-11-07 05:52:13.077563,2020-11-07 05:52:29.997687,0 days 00:00:16.920124,"(224, 224)",4.421542321998071e-05,PRUNED
47,47,0.44533333333333336,2020-11-07 05:52:29.998661,2020-11-07 05:52:42.338372,0 days 00:00:12.339711,"(180, 180)",2.732574517139555e-05,PRUNED
48,48,0.4746666666666667,2020-11-07 05:52:42.338372,2020-11-07 05:52:59.308836,0 days 00:00:16.970464,"(224, 224)",1.7460959680490883e-05,PRUNED
49,49,0.47733333333333333,2020-11-07 05:52:59.309240,2020-11-07 05:53:23.805329,0 days 00:00:24.496089,"(180, 180)",5.316693274421948e-05,PRUNED
50,50,0.5706666666666667,2020-11-07 05:53:23.806271,2020-11-07 05:54:12.596339,0 days 00:00:48.790068,"(180, 180)",3.622684697586396e-05,PRUNED
51,51,0.544,2020-11-07 05:54:12.597216,2020-11-07 05:55:03.111360,0 days 00:00:50.514144,"(224, 224)",9.034995450650243e-05,PRUNED
52,52,0.7773333333333333,2020-11-07 05:55:03.112357,2020-11-07 06:36:59.521240,0 days 00:41:56.408883,"(224, 224)",7.183149815827332e-05,COMPLETE
53,53,0.408,2020-11-07 06:36:59.522930,2020-11-07 06:37:16.486330,0 days 00:00:16.963400,"(224, 224)",6.778551819901602e-05,PRUNED
54,54,0.496,2020-11-07 06:37:16.487329,2020-11-07 06:37:33.441605,0 days 00:00:16.954276,"(224, 224)",7.593859754988635e-05,PRUNED
55,55,0.544,2020-11-07 06:37:33.442517,2020-11-07 06:38:24.003047,0 days 00:00:50.560530,"(224, 224)",5.917454928954638e-05,PRUNED
56,56,0.48533333333333334,2020-11-07 06:38:24.004044,2020-11-07 06:38:40.958025,0 days 00:00:16.953981,"(224, 224)",2.250717188550922e-05,PRUNED
57,57,0.756,2020-11-07 06:38:40.958965,2020-11-07 07:09:05.878763,0 days 00:30:24.919798,"(180, 180)",8.424484367323524e-05,COMPLETE
58,58,0.6786666666666666,2020-11-07 07:09:05.880527,2020-11-07 07:12:08.378424,0 days 00:03:02.497897,"(180, 180)",9.934666202953266e-05,PRUNED
59,59,0.5373333333333333,2020-11-07 07:12:08.379421,2020-11-07 07:12:58.878878,0 days 00:00:50.499457,"(224, 224)",3.0249783108948505e-05,PRUNED
60,60,0.43466666666666665,2020-11-07 07:12:58.879719,2020-11-07 07:13:11.203742,0 days 00:00:12.324023,"(180, 180)",1.424083942586994e-05,PRUNED
61,61,0.5293333333333333,2020-11-07 07:13:11.205009,2020-11-07 07:13:35.700775,0 days 00:00:24.495766,"(180, 180)",8.252716222085958e-05,PRUNED
62,62,0.4666666666666667,2020-11-07 07:13:35.700775,2020-11-07 07:13:47.957055,0 days 00:00:12.256280,"(180, 180)",7.163237796381366e-05,PRUNED
63,63,0.49333333333333335,2020-11-07 07:13:47.958246,2020-11-07 07:14:00.271115,0 days 00:00:12.312869,"(180, 180)",8.724576580554847e-05,PRUNED
64,64,0.7146666666666667,2020-11-07 07:14:00.272072,2020-11-07 07:18:27.648929,0 days 00:04:27.376857,"(180, 180)",9.363703390884379e-05,PRUNED
65,65,0.4146666666666667,2020-11-07 07:18:27.649641,2020-11-07 07:18:39.985788,0 days 00:00:12.336147,"(180, 180)",7.569589947744333e-05,PRUNED
66,66,0.4653333333333333,2020-11-07 07:18:39.986792,2020-11-07 07:18:52.238016,0 days 00:00:12.251224,"(180, 180)",4.488714424938352e-05,PRUNED
67,67,0.48533333333333334,2020-11-07 07:18:52.239011,2020-11-07 07:19:04.539079,0 days 00:00:12.300068,"(180, 180)",5.0284868229181226e-05,PRUNED
68,68,0.4653333333333333,2020-11-07 07:19:04.539079,2020-11-07 07:19:16.844773,0 days 00:00:12.305694,"(180, 180)",6.12055555239434e-05,PRUNED
69,69,0.49333333333333335,2020-11-07 07:19:16.845771,2020-11-07 07:19:29.152903,0 days 00:00:12.307132,"(180, 180)",1.883853499130814e-05,PRUNED
70,70,0.45866666666666667,2020-11-07 07:19:29.152903,2020-11-07 07:19:41.431607,0 days 00:00:12.278704,"(180, 180)",8.010848065576602e-05,PRUNED
71,71,0.4746666666666667,2020-11-07 07:19:41.432604,2020-11-07 07:19:58.431577,0 days 00:00:16.998973,"(224, 224)",9.829455381234809e-05,PRUNED
72,72,0.48533333333333334,2020-11-07 07:19:58.431577,2020-11-07 07:20:15.374858,0 days 00:00:16.943281,"(224, 224)",9.022252156790616e-05,PRUNED
73,73,0.49466666666666664,2020-11-07 07:20:15.375855,2020-11-07 07:20:32.274493,0 days 00:00:16.898638,"(224, 224)",6.544513215301926e-05,PRUNED
74,74,0.46,2020-11-07 07:20:32.275198,2020-11-07 07:20:49.236902,0 days 00:00:16.961704,"(224, 224)",2.60697544919473e-05,PRUNED
75,75,0.496,2020-11-07 07:20:49.237899,2020-11-07 07:21:06.226517,0 days 00:00:16.988618,"(224, 224)",3.732615484107907e-05,PRUNED
76,76,0.7746666666666666,2020-11-07 07:21:06.227515,2020-11-07 07:51:32.419629,0 days 00:30:26.192114,"(180, 180)",7.274165185054673e-05,COMPLETE
77,77,0.5293333333333333,2020-11-07 07:51:32.420881,2020-11-07 07:51:56.861788,0 days 00:00:24.440907,"(180, 180)",7.208053565707752e-05,PRUNED
78,78,0.42533333333333334,2020-11-07 07:51:56.862785,2020-11-07 07:52:09.123061,0 days 00:00:12.260276,"(180, 180)",5.7795967879306776e-05,PRUNED
79,79,0.45866666666666667,2020-11-07 07:52:09.124058,2020-11-07 07:52:21.373708,0 days 00:00:12.249650,"(180, 180)",1.1160726155850999e-05,PRUNED
80,80,0.5466666666666666,2020-11-07 07:52:21.375210,2020-11-07 07:52:57.971921,0 days 00:00:36.596711,"(180, 180)",6.763899888549207e-05,PRUNED
81,81,0.5453333333333333,2020-11-07 07:52:57.971921,2020-11-07 07:53:34.535611,0 days 00:00:36.563690,"(180, 180)",8.452239127188871e-05,PRUNED
82,82,0.5693333333333334,2020-11-07 07:53:34.536517,2020-11-07 07:54:11.085931,0 days 00:00:36.549414,"(180, 180)",9.404718372125887e-05,PRUNED
83,83,0.5253333333333333,2020-11-07 07:54:11.086863,2020-11-07 07:54:44.775234,0 days 00:00:33.688371,"(224, 224)",7.494129985474909e-05,PRUNED
84,84,0.4653333333333333,2020-11-07 07:54:44.776241,2020-11-07 07:54:57.090802,0 days 00:00:12.314561,"(180, 180)",1.644368819354786e-05,PRUNED
85,85,0.4826666666666667,2020-11-07 07:54:57.091385,2020-11-07 07:55:09.366475,0 days 00:00:12.275090,"(180, 180)",8.09834880977064e-05,PRUNED
86,86,0.584,2020-11-07 07:55:09.367935,2020-11-07 07:56:33.432031,0 days 00:01:24.064096,"(224, 224)",3.30842839930783e-05,PRUNED
87,87,0.468,2020-11-07 07:56:33.432937,2020-11-07 07:56:45.746963,0 days 00:00:12.314026,"(180, 180)",1.4957662619106883e-05,PRUNED
88,88,0.4786666666666667,2020-11-07 07:56:45.747766,2020-11-07 07:57:02.680267,0 days 00:00:16.932501,"(224, 224)",4.0468720678093435e-05,PRUNED
89,89,0.492,2020-11-07 07:57:02.680791,2020-11-07 07:57:14.962048,0 days 00:00:12.281257,"(180, 180)",5.411671069357501e-05,PRUNED
90,90,0.4693333333333333,2020-11-07 07:57:14.962831,2020-11-07 07:57:27.286684,0 days 00:00:12.323853,"(180, 180)",2.2984087902802827e-05,PRUNED
91,91,0.37333333333333335,2020-11-07 07:57:27.287618,2020-11-07 07:57:39.583907,0 days 00:00:12.296289,"(180, 180)",1.797610247376173e-05,PRUNED
92,92,0.5213333333333333,2020-11-07 07:57:39.584880,2020-11-07 07:58:04.095126,0 days 00:00:24.510246,"(180, 180)",1.6722790899667284e-05,PRUNED
93,93,0.496,2020-11-07 07:58:04.096081,2020-11-07 07:58:16.413485,0 days 00:00:12.317404,"(180, 180)",2.0150668880654185e-05,PRUNED
94,94,0.45066666666666666,2020-11-07 07:58:16.414483,2020-11-07 07:58:28.710233,0 days 00:00:12.295750,"(180, 180)",1.4018925586589868e-05,PRUNED
95,95,0.8066666666666666,2020-11-07 07:58:28.711230,2020-11-07 08:28:54.263108,0 days 00:30:25.551878,"(180, 180)",8.71825786270089e-05,COMPLETE
96,96,0.5026666666666667,2020-11-07 08:28:54.264002,2020-11-07 08:29:11.184854,0 days 00:00:16.920852,"(224, 224)",9.43647649568331e-05,PRUNED
97,97,0.47733333333333333,2020-11-07 08:29:11.184854,2020-11-07 08:29:23.491104,0 days 00:00:12.306250,"(180, 180)",8.5349239625585e-05,PRUNED
98,98,0.49066666666666664,2020-11-07 08:29:23.492102,2020-11-07 08:29:35.786286,0 days 00:00:12.294184,"(180, 180)",8.840125253414919e-05,PRUNED
99,99,0.49333333333333335,2020-11-07 08:29:35.787256,2020-11-07 08:30:00.171236,0 days 00:00:24.383980,"(180, 180)",7.890050458747763e-05,PRUNED
